info it worked if it ends with ok
verbose cli [ 'node',
verbose cli   '/Users/evandespault/.nvm/v0.4.9/bin/npm',
verbose cli   'install',
verbose cli   'node-imagemagick' ]
info using npm@1.0.106
info using node@v0.4.9
verbose config file /Users/evandespault/.npmrc
verbose config file /Users/evandespault/.nvm/v0.4.9/etc/npmrc
verbose config file /Users/evandespault/.nvm/v0.4.9/lib/node_modules/npm/npmrc
silly testEngine { name: 'application-name',
silly testEngine   version: '0.0.1',
silly testEngine   private: true,
silly testEngine   dependencies: 
silly testEngine    { express: '2.5.8',
silly testEngine      jade: '>= 0.0.1',
silly testEngine      mongoskin: '0.1.3',
silly testEngine      mongodb: '0.9.9-7',
silly testEngine      imagemagick: '0.1.2',
silly testEngine      gm: '1.0.1' },
silly testEngine   engines: { node: '0.6.13' },
silly testEngine   _id: 'application-name@0.0.1',
silly testEngine   devDependencies: {},
silly testEngine   _engineSupported: false,
silly testEngine   _npmVersion: '1.0.106',
silly testEngine   _nodeVersion: 'v0.4.9',
silly testEngine   _defaultsLoaded: true }
verbose caching /Users/evandespault/Documents/Websites/planpluscharts/package.json
verbose loadDefaults application-name@0.0.1
silly testEngine { name: 'express',
silly testEngine   description: 'Sinatra inspired web development framework',
silly testEngine   version: '2.5.8',
silly testEngine   author: 
silly testEngine    { name: 'TJ Holowaychuk',
silly testEngine      email: 'tj@vision-media.ca' },
silly testEngine   contributors: 
silly testEngine    [ { name: 'TJ Holowaychuk',
silly testEngine        email: 'tj@vision-media.ca' },
silly testEngine      { name: 'Aaron Heckmann',
silly testEngine        email: 'aaron.heckmann+github@gmail.com' },
silly testEngine      { name: 'Ciaran Jessup', email: 'ciaranj@gmail.com' },
silly testEngine      { name: 'Guillermo Rauch', email: 'rauchg@gmail.com' } ],
silly testEngine   dependencies: 
silly testEngine    { connect: '1.x',
silly testEngine      mime: '1.2.4',
silly testEngine      qs: '0.4.x',
silly testEngine      mkdirp: '0.3.0' },
silly testEngine   devDependencies: 
silly testEngine    { 'connect-form': '0.2.1',
silly testEngine      ejs: '0.4.2',
silly testEngine      expresso: '0.9.2',
silly testEngine      hamljs: '0.6.x',
silly testEngine      jade: '0.16.2',
silly testEngine      stylus: '0.13.0',
silly testEngine      should: '0.3.2',
silly testEngine      'express-messages': '0.0.2',
silly testEngine      'node-markdown': '>= 0.0.1',
silly testEngine      'connect-redis': '>= 0.0.1' },
silly testEngine   keywords: [ 'framework', 'sinatra', 'web', 'rest', 'restful' ],
silly testEngine   repository: 
silly testEngine    { type: 'git',
silly testEngine      url: 'git://github.com/visionmedia/express.git' },
silly testEngine   main: 'index',
silly testEngine   bin: { express: './bin/express' },
silly testEngine   scripts: { test: 'make test', prepublish: 'npm prune' },
silly testEngine   engines: { node: '>= 0.4.1 < 0.7.0' },
silly testEngine   _id: 'express@2.5.8',
silly testEngine   _engineSupported: true,
silly testEngine   _npmVersion: '1.0.106',
silly testEngine   _nodeVersion: 'v0.4.9',
silly testEngine   _defaultsLoaded: true }
verbose caching /Users/evandespault/Documents/Websites/planpluscharts/node_modules/express/package.json
verbose loadDefaults express@2.5.8
silly testEngine { name: 'gm',
silly testEngine   description: 'Graphics Magick for node.',
silly testEngine   version: '1.0.1',
silly testEngine   author: 
silly testEngine    { name: 'Aaron Heckmann',
silly testEngine      email: 'aaron.heckmann+github@gmail.com' },
silly testEngine   keywords: 
silly testEngine    [ 'nodejs',
silly testEngine      'graphics magick',
silly testEngine      'graphics',
silly testEngine      'magick',
silly testEngine      'image',
silly testEngine      'graphicsmagick',
silly testEngine      'imagemagick' ],
silly testEngine   engines: { node: '>= 0.4.2' },
silly testEngine   bugs: { name: 'http://github.com/aheckmann/gm/issues' },
silly testEngine   licenses: 
silly testEngine    [ { type: 'MIT',
silly testEngine        url: 'http://www.opensource.org/licenses/mit-license.php' } ],
silly testEngine   main: './index',
silly testEngine   contributors: 
silly testEngine    [ { name: 'Aaron Heckmann',
silly testEngine        email: 'aaron.heckmann+github@gmail.com' },
silly testEngine      { name: 'Tero Parviainen' },
silly testEngine      { name: 'Evan Owen' } ],
silly testEngine   repository: 
silly testEngine    { type: 'git',
silly testEngine      url: 'git://github.com/aheckmann/gm.git' },
silly testEngine   devDependencies: { should: '0.2.1', gleak: '0.2.2' },
silly testEngine   _id: 'gm@1.0.1',
silly testEngine   dependencies: {},
silly testEngine   _engineSupported: true,
silly testEngine   _npmVersion: '1.0.106',
silly testEngine   _nodeVersion: 'v0.4.9',
silly testEngine   _defaultsLoaded: true }
verbose caching /Users/evandespault/Documents/Websites/planpluscharts/node_modules/gm/package.json
verbose loadDefaults gm@1.0.1
silly testEngine { name: 'imagemagick',
silly testEngine   description: 'A wrapper around the imagemagick cli',
silly testEngine   version: '0.1.2',
silly testEngine   author: { name: 'Rasmus Andersson' },
silly testEngine   licenses: [ { type: 'MIT' } ],
silly testEngine   repository: 
silly testEngine    { type: 'git',
silly testEngine      url: 'git://github.com/rsms/node-imagemagick.git' },
silly testEngine   engine: [ 'node >=0.1.90' ],
silly testEngine   main: 'imagemagick',
silly testEngine   _id: 'imagemagick@0.1.2',
silly testEngine   dependencies: {},
silly testEngine   devDependencies: {},
silly testEngine   engines: { node: '*' },
silly testEngine   _engineSupported: true,
silly testEngine   _npmVersion: '1.0.106',
silly testEngine   _nodeVersion: 'v0.4.9',
silly testEngine   _defaultsLoaded: true }
verbose caching /Users/evandespault/Documents/Websites/planpluscharts/node_modules/imagemagick/package.json
verbose loadDefaults imagemagick@0.1.2
silly testEngine { name: 'jade',
silly testEngine   description: 'Jade template engine',
silly testEngine   version: '0.22.0',
silly testEngine   author: 
silly testEngine    { name: 'TJ Holowaychuk',
silly testEngine      email: 'tj@vision-media.ca' },
silly testEngine   repository: 
silly testEngine    { type: 'git',
silly testEngine      url: 'git://github.com/visionmedia/jade.git' },
silly testEngine   main: './index.js',
silly testEngine   bin: { jade: './bin/jade' },
silly testEngine   man: [ './jade.1' ],
silly testEngine   dependencies: { commander: '0.5.2', mkdirp: '0.3.0' },
silly testEngine   devDependencies: 
silly testEngine    { mocha: '*',
silly testEngine      'coffee-script': '*',
silly testEngine      markdown: '*',
silly testEngine      stylus: '*',
silly testEngine      uubench: '*',
silly testEngine      should: '*',
silly testEngine      less: '*',
silly testEngine      'uglify-js': '*' },
silly testEngine   scripts: { prepublish: 'npm prune' },
silly testEngine   engines: { node: '>= 0.1.98' },
silly testEngine   _id: 'jade@0.22.0',
silly testEngine   optionalDependencies: {},
silly testEngine   _engineSupported: true,
silly testEngine   _npmVersion: '1.0.106',
silly testEngine   _nodeVersion: 'v0.4.9',
silly testEngine   _defaultsLoaded: true,
silly testEngine   _from: 'jade@>= 0.0.1' }
verbose caching /Users/evandespault/Documents/Websites/planpluscharts/node_modules/jade/package.json
silly testEngine { name: 'mongodb',
silly testEngine   description: 'A node.js driver for MongoDB',
silly testEngine   keywords: [ 'mongodb', 'mongo', 'driver', 'db' ],
silly testEngine   version: '0.9.9-7',
silly testEngine   author: 
silly testEngine    { name: 'Christian Amor Kvalheim',
silly testEngine      email: 'christkv@gmail.com' },
silly testEngine   contributors: 
silly testEngine    [ { name: 'Aaron Heckmann' },
silly testEngine      { name: 'Christoph Pojer' },
silly testEngine      { name: 'Pau Ramon Revilla' },
silly testEngine      { name: 'Nathan White' },
silly testEngine      { name: 'Emmerman' },
silly testEngine      { name: 'Seth LaForge' },
silly testEngine      { name: 'Boris Filipov' },
silly testEngine      { name: 'Stefan Schärmeli' },
silly testEngine      { name: 'Tedde Lundgren' },
silly testEngine      { name: 'renctan' },
silly testEngine      { name: 'Sergey Ukustov' },
silly testEngine      { name: 'Ciaran Jessup' },
silly testEngine      { name: 'kuno' },
silly testEngine      { name: 'srimonti' },
silly testEngine      { name: 'Erik Abele' },
silly testEngine      { name: 'Pratik Daga' },
silly testEngine      { name: 'Slobodan Utvic' },
silly testEngine      { name: 'Kristina Chodorow' },
silly testEngine      { name: 'Yonathan Randolph' },
silly testEngine      { name: 'Brian Noguchi' },
silly testEngine      { name: 'Sam Epstein' },
silly testEngine      { name: 'James Harrison Fisher' },
silly testEngine      { name: 'Vladimir Dronnikov' },
silly testEngine      { name: 'Ben Hockey' },
silly testEngine      { name: 'Henrik Johansson' },
silly testEngine      { name: 'Simon Weare' },
silly testEngine      { name: 'Alex Gorbatchev' },
silly testEngine      { name: 'Shimon Doodkin' },
silly testEngine      { name: 'Kyle Mueller' },
silly testEngine      { name: 'Eran Hammer-Lahav' },
silly testEngine      { name: 'Marcin Ciszak' },
silly testEngine      { name: 'François de Metz' },
silly testEngine      { name: 'Vinay Pulim' },
silly testEngine      { name: 'nstielau' },
silly testEngine      { name: 'Adam Wiggins' },
silly testEngine      { name: 'entrinzikyl' },
silly testEngine      { name: 'Jeremy Selier' },
silly testEngine      { name: 'Ian Millington' },
silly testEngine      { name: 'Public Keating' },
silly testEngine      { name: 'andrewjstone' },
silly testEngine      { name: 'Christopher Stott' },
silly testEngine      { name: 'Corey Jewett' },
silly testEngine      { name: 'brettkiefer' },
silly testEngine      { name: 'Rob Holland' },
silly testEngine      { name: 'Senmiao Liu' },
silly testEngine      { name: 'heroic' },
silly testEngine      { name: 'gitfy' },
silly testEngine      { name: 'Andrew Stone' },
silly testEngine      { name: 'John Le Drew' } ],
silly testEngine   repository: 
silly testEngine    { type: 'git',
silly testEngine      url: 'git://github.com/christkv/node-mongodb-native.git' },
silly testEngine   bugs: 
silly testEngine    { email: 'node-mongodb-native@googlegroups.com',
silly testEngine      url: 'http://github.com/christkv/node-mongodb-native/issues' },
silly testEngine   dependencies: { bson: '0.0.4' },
silly testEngine   devDependencies: 
silly testEngine    { dox: '0.2.0',
silly testEngine      'uglify-js': '1.2.5',
silly testEngine      ejs: '0.6.1',
silly testEngine      nodeunit: '0.7.3',
silly testEngine      github3: '>=0.3.0',
silly testEngine      markdown: '0.3.1',
silly testEngine      gleak: '0.2.3',
silly testEngine      step: '0.0.5' },
silly testEngine   config: { native: false },
silly testEngine   main: './lib/mongodb/index',
silly testEngine   directories: { lib: './lib/mongodb' },
silly testEngine   engines: { node: '>=0.4.0' },
silly testEngine   scripts: { test: 'make test_pure' },
silly testEngine   licenses: 
silly testEngine    [ { type: 'Apache License, Version 2.0',
silly testEngine        url: 'http://www.apache.org/licenses/LICENSE-2.0' } ],
silly testEngine   _id: 'mongodb@0.9.9-7',
silly testEngine   optionalDependencies: {},
silly testEngine   _engineSupported: true,
silly testEngine   _npmVersion: '1.0.106',
silly testEngine   _nodeVersion: 'v0.4.9',
silly testEngine   _defaultsLoaded: true,
silly testEngine   _from: 'mongodb' }
verbose caching /Users/evandespault/Documents/Websites/planpluscharts/node_modules/mongodb/package.json
silly testEngine { name: 'mongoskin',
silly testEngine   description: 'The future layer above node-mongodb-native',
silly testEngine   version: '0.1.3',
silly testEngine   author: { name: 'Jason Green', email: 'guileen@gmail.com' },
silly testEngine   repository: 
silly testEngine    { type: 'git',
silly testEngine      url: 'git://github.com/guileen/node-mongoskin.git' },
silly testEngine   bugs: 
silly testEngine    { email: 'guileen@gmail.com',
silly testEngine      url: 'http://github.com/guileen/node-mongoskin/issues' },
silly testEngine   main: 'index',
silly testEngine   keywords: [ 'mongodb' ],
silly testEngine   engines: { node: '*' },
silly testEngine   dependencies: { mongodb: '*' },
silly testEngine   devDependencies: {},
silly testEngine   directories: { lib: 'lib/mongoskin' },
silly testEngine   _id: 'mongoskin@0.1.3',
silly testEngine   _engineSupported: true,
silly testEngine   _npmVersion: '1.0.106',
silly testEngine   _nodeVersion: 'v0.4.9',
silly testEngine   _defaultsLoaded: true }
verbose caching /Users/evandespault/Documents/Websites/planpluscharts/node_modules/mongoskin/package.json
verbose loadDefaults mongoskin@0.1.3
verbose from cache /Users/evandespault/Documents/Websites/planpluscharts/package.json
verbose into /Users/evandespault/Documents/Websites/planpluscharts [ 'node-imagemagick' ]
verbose cache add node-imagemagick
verbose cache add [ 'node-imagemagick', null ]
silly cache add: name, spec, args [ undefined,
silly cache add: name, spec, args   'node-imagemagick',
silly cache add: name, spec, args   [ 'node-imagemagick', null ] ]
verbose parsed url { pathname: 'node-imagemagick',
verbose parsed url   href: 'node-imagemagick' }
info addNamed [ 'node-imagemagick', '' ]
verbose addNamed [ null, '' ]
verbose GET node-imagemagick
verbose raw, before any munging node-imagemagick
verbose url resolving [ 'https://registry.npmjs.org/',
verbose url resolving   './node-imagemagick' ]
verbose url resolved https://registry.npmjs.org/node-imagemagick
silly get cb [ 404,
silly get cb   { server: 'CouchDB/1.2.0 (Erlang OTP/R15B)',
silly get cb     date: 'Thu, 05 Apr 2012 09:18:33 GMT',
silly get cb     'content-type': 'application/json',
silly get cb     'content-length': '52',
silly get cb     'cache-control': 'must-revalidate' } ]
ERR! 404 'node-imagemagick' is not in the npm registry.
ERR! 404 You could maybe bug the author to publish it
ERR! 404 Maybe try 'npm search imagemagick'
ERR! 404 Note that you can also install from a tarball or folder.
ERR! 
ERR! System Darwin 11.3.0
ERR! command "node" "/Users/evandespault/.nvm/v0.4.9/bin/npm" "install" "node-imagemagick"
ERR! cwd /Users/evandespault/Documents/Websites/planpluscharts
ERR! node -v v0.4.9
ERR! npm -v 1.0.106
ERR! code E404
verbose exit [ 1, true ]
